info: Jun-17-2022 18:35:37: 	Server started and running at 3000
error: Jun-17-2022 18:35:41: 	[POST] [/instagramUser/signup] [undefined]
info: Jun-17-2022 18:36:57: 	Server started and running at 3000
info: Jun-17-2022 18:37:53: 	Server started and running at 3000
error: Jun-17-2022 18:37:55: 	[POST] [/instagramUser/signup] [undefined]
info: Jun-17-2022 18:38:14: 	Server started and running at 3000
error: Jun-17-2022 18:38:20: 	[POST] [/instagramUser/signup] [undefined]
info: Jun-17-2022 18:38:45: 	Server started and running at 3000
info: Jun-17-2022 18:38:59: 	Server started and running at 3000
error: Jun-17-2022 18:39:01: 	POST /instagramUser/signup undefined
info: Jun-17-2022 18:40:39: 	Server started and running at 3000
info: Jun-17-2022 18:40:52: 	Server started and running at 3000
error: Jun-17-2022 18:40:56: 	[POST /instagramUser/signup undefined]
info: Jun-17-2022 18:41:28: 	Server started and running at 3000
error: Jun-17-2022 18:41:30: 	[POST] [/instagramUser/signup] [undefined]
info: Jun-17-2022 18:42:22: 	Server started and running at 3000
error: Jun-17-2022 18:42:24: 	[POST] [/instagramUser/signup] [undefined]
info: Jun-17-2022 18:42:58: 	Server started and running at 3000
info: Jun-17-2022 18:43:01: 	Server started and running at 3000
error: Jun-17-2022 18:43:05: 	[POST] [/instagramUser/signup] [undefined]
info: Jun-17-2022 18:43:30: 	Server started and running at 3000
error: Jun-17-2022 18:43:32: 	[POST] [/instagramUser/signup] [undefined]
info: Jun-17-2022 18:44:58: 	Server started and running at 3000
info: Jun-17-2022 18:45:04: 	Server started and running at 3000
error: Jun-17-2022 18:45:07: 	[POST] [/instagramUser/signup] [Internal Server Error]
info: Jun-17-2022 18:45:44: 	Server started and running at 3000
info: Jun-17-2022 18:49:22: 	Server started and running at 3000
error: Jun-17-2022 18:49:32: 	[POST] [/instagramUser/signup] [Internal Server Error]
info: Jun-17-2022 18:50:05: 	Server started and running at 3000
error: Jun-17-2022 18:50:07: 	[POST] [/instagramUser/signup] [undefined]
info: Jun-17-2022 18:50:16: 	Server started and running at 3000
info: Jun-17-2022 18:55:47: 	Server started and running at 3000
info: Jun-17-2022 18:55:57: 	Server started and running at 3000
error: Jun-17-2022 18:56:00: 	[POST] [/instagramUser/signup] [{error: ValidationError: "name" is required}]
info: Jun-17-2022 18:58:14: 	Server started and running at 3000
info: Jun-17-2022 18:58:34: 	Server started and running at 3000
error: Jun-17-2022 18:58:36: 	[POST] [/instagramUser/signup] [{error: ValidationError: "name" is required}]
info: Jun-19-2022 11:48:32: 	Server started and running at 3000
info: Jun-19-2022 11:49:17: 	Server started and running at 3000
info: Jun-19-2022 11:49:30: 	Server started and running at 3000
info: Jun-20-2022 09:56:50: 	Server started and running at 3000
info: Jun-20-2022 10:06:24: 	Server started and running at 3000
info: Jun-20-2022 10:07:02: 	Server started and running at 3000
info: Jun-20-2022 10:07:04: 	Server started and running at 3000
info: Jun-20-2022 10:07:14: 	Server started and running at 3000
info: Jun-20-2022 10:07:19: 	Server started and running at 3000
info: Jun-20-2022 10:07:21: 	Server started and running at 3000
info: Jun-20-2022 10:08:07: 	Server started and running at 3000
info: Jun-20-2022 10:08:16: 	Server started and running at 3000
info: Jun-20-2022 10:08:25: 	Server started and running at 3000
info: Jun-20-2022 10:11:53: 	Server started and running at 3000
info: Jun-20-2022 10:11:57: 	Server started and running at 3000
info: Jun-20-2022 10:12:58: 	Server started and running at 3000
info: Jun-20-2022 10:13:05: 	Server started and running at 3000
info: Jun-20-2022 10:13:36: 	Server started and running at 3000
info: Jun-20-2022 10:13:46: 	Server started and running at 3000
info: Jun-20-2022 10:13:51: 	Server started and running at 3000
info: Jun-20-2022 10:13:53: 	Server started and running at 3000
info: Jun-20-2022 10:13:55: 	Server started and running at 3000
info: Jun-20-2022 10:23:01: 	Server started and running at 3000
info: Jun-20-2022 10:23:43: 	Server started and running at 3000
info: Jun-20-2022 10:24:09: 	Server started and running at 3000
info: Jun-20-2022 10:24:57: 	Server started and running at 3000
info: Jun-20-2022 10:25:53: 	Server started and running at 3000
info: Jun-20-2022 10:25:55: 	Server started and running at 3000
info: Jun-20-2022 10:25:57: 	Server started and running at 3000
info: Jun-20-2022 10:27:52: 	Server started and running at 3000
info: Jun-20-2022 10:28:03: 	Server started and running at 3000
info: Jun-20-2022 10:28:31: 	Server started and running at 3000
info: Jun-20-2022 10:29:26: 	Server started and running at 3000
info: Jun-20-2022 10:29:36: 	Server started and running at 3000
info: Jun-20-2022 10:29:47: 	Server started and running at 3000
info: Jun-20-2022 10:29:51: 	Server started and running at 3000
info: Jun-20-2022 10:29:53: 	Server started and running at 3000
info: Jun-20-2022 10:29:56: 	Server started and running at 3000
info: Jun-20-2022 10:29:59: 	Server started and running at 3000
info: Jun-20-2022 10:30:47: 	Server started and running at 3000
info: Jun-20-2022 10:30:57: 	Server started and running at 3000
info: Jun-20-2022 10:31:06: 	Server started and running at 3000
info: Jun-20-2022 10:31:12: 	Server started and running at 3000
info: Jun-20-2022 10:31:15: 	Server started and running at 3000
info: Jun-20-2022 10:31:24: 	Server started and running at 3000
info: Jun-20-2022 10:31:29: 	Server started and running at 3000
info: Jun-20-2022 10:32:32: 	Server started and running at 3000
info: Jun-20-2022 10:55:25: 	Server started and running at 3000
info: Jun-20-2022 10:56:09: 	Server started and running at 3000
info: Jun-20-2022 10:56:23: 	Server started and running at 3000
info: Jun-20-2022 10:59:01: 	Server started and running at 3000
info: Jun-20-2022 10:59:03: 	Server started and running at 3000
info: Jun-20-2022 11:01:21: 	Server started and running at 3000
info: Jun-20-2022 11:02:32: 	Server started and running at 3000
info: Jun-20-2022 11:02:50: 	Server started and running at 3000
info: Jun-20-2022 11:05:07: 	Server started and running at 3000
info: Jun-20-2022 11:06:22: 	Server started and running at 3000
info: Jun-20-2022 11:07:15: 	Server started and running at 3000
info: Jun-20-2022 11:35:46: 	Server started and running at 3000
info: Jun-20-2022 11:36:25: 	Server started and running at 3000
info: Jun-20-2022 11:36:26: 	Server started and running at 3000
info: Jun-20-2022 11:36:48: 	Server started and running at 3000
info: Jun-20-2022 11:37:22: 	Server started and running at 3000
info: Jun-20-2022 11:37:31: 	Server started and running at 3000
info: Jun-20-2022 11:37:32: 	Server started and running at 3000
info: Jun-20-2022 11:37:35: 	Server started and running at 3000
info: Jun-20-2022 11:37:49: 	Server started and running at 3000
info: Jun-20-2022 11:37:59: 	Server started and running at 3000
info: Jun-20-2022 11:38:05: 	Server started and running at 3000
info: Jun-20-2022 11:38:10: 	Server started and running at 3000
info: Jun-20-2022 11:43:07: 	Server started and running at 3000
info: Jun-20-2022 11:44:02: 	Server started and running at 3000
info: Jun-20-2022 11:53:16: 	Server started and running at 3000
info: Jun-20-2022 11:53:47: 	Server started and running at 3000
info: Jun-20-2022 11:54:33: 	Server started and running at 3000
info: Jun-20-2022 11:54:51: 	Server started and running at 3000
info: Jun-20-2022 11:55:08: 	Server started and running at 3000
info: Jun-20-2022 11:56:42: 	Server started and running at 3000
info: Jun-20-2022 11:57:23: 	Server started and running at 3000
info: Jun-20-2022 11:58:30: 	Server started and running at 3000
info: Jun-20-2022 12:01:01: 	Server started and running at 3000
info: Jun-20-2022 12:03:18: 	Server started and running at 3000
info: Jun-20-2022 12:05:36: 	Server started and running at 3000
info: Jun-20-2022 12:07:18: 	Server started and running at 3000
info: Jun-20-2022 12:08:40: 	Server started and running at 3000
info: Jun-20-2022 12:10:06: 	Server started and running at 3000
info: Jun-20-2022 12:34:05: 	Server started and running at 3000
info: Jun-20-2022 12:34:52: 	Server started and running at 3000
info: Jun-20-2022 12:35:33: 	Server started and running at 3000
info: Jun-20-2022 12:35:41: 	Server started and running at 3000
info: Jun-20-2022 12:36:24: 	Server started and running at 3000
info: Jun-20-2022 12:37:20: 	Server started and running at 3000
info: Jun-20-2022 12:37:24: 	Server started and running at 3000
info: Jun-20-2022 12:37:52: 	Server started and running at 3000
info: Jun-20-2022 12:39:54: 	Server started and running at 3000
info: Jun-20-2022 12:41:10: 	Server started and running at 3000
info: Jun-20-2022 12:44:03: 	Server started and running at 3000
info: Jun-20-2022 12:47:56: 	Server started and running at 3000
info: Jun-20-2022 12:49:05: 	Server started and running at 3000
info: Jun-20-2022 12:49:17: 	Server started and running at 3000
info: Jun-20-2022 12:49:52: 	Server started and running at 3000
info: Jun-20-2022 12:50:14: 	Server started and running at 3000
info: Jun-20-2022 12:50:21: 	Server started and running at 3000
info: Jun-20-2022 12:50:35: 	Server started and running at 3000
info: Jun-20-2022 12:50:49: 	Server started and running at 3000
info: Jun-20-2022 12:51:26: 	Server started and running at 3000
info: Jun-20-2022 12:51:34: 	Server started and running at 3000
info: Jun-20-2022 12:51:41: 	Server started and running at 3000
info: Jun-20-2022 12:51:55: 	Server started and running at 3000
info: Jun-20-2022 12:52:24: 	Server started and running at 3000
info: Jun-20-2022 12:52:46: 	Server started and running at 3000
info: Jun-20-2022 12:52:59: 	Server started and running at 3000
info: Jun-20-2022 12:53:23: 	Server started and running at 3000
info: Jun-20-2022 12:53:56: 	Server started and running at 3000
info: Jun-20-2022 12:54:09: 	Server started and running at 3000
info: Jun-20-2022 12:54:32: 	Server started and running at 3000
info: Jun-20-2022 12:54:56: 	Server started and running at 3000
info: Jun-20-2022 12:56:32: 	Server started and running at 3000
info: Jun-20-2022 12:57:02: 	Server started and running at 3000
info: Jun-20-2022 12:57:53: 	Server started and running at 3000
info: Jun-20-2022 12:58:02: 	Server started and running at 3000
info: Jun-20-2022 13:00:31: 	Server started and running at 3000
info: Jun-20-2022 13:00:32: 	Server started and running at 3000
info: Jun-20-2022 13:00:50: 	Server started and running at 3000
info: Jun-20-2022 13:00:52: 	Server started and running at 3000
info: Jun-20-2022 13:00:54: 	Server started and running at 3000
info: Jun-20-2022 13:04:55: 	Server started and running at 3000
info: Jun-20-2022 13:05:06: 	Server started and running at 3000
info: Jun-20-2022 13:05:40: 	Server started and running at 3000
info: Jun-20-2022 13:05:52: 	Server started and running at 3000
info: Jun-20-2022 13:05:55: 	Server started and running at 3000
info: Jun-20-2022 13:06:30: 	Server started and running at 3000
info: Jun-20-2022 13:07:15: 	Server started and running at 3000
info: Jun-20-2022 13:08:00: 	Server started and running at 3000
info: Jun-20-2022 13:08:44: 	Server started and running at 3000
info: Jun-20-2022 13:08:59: 	Server started and running at 3000
info: Jun-20-2022 13:09:15: 	Server started and running at 3000
info: Jun-20-2022 13:09:21: 	Server started and running at 3000
info: Jun-20-2022 13:09:31: 	Server started and running at 3000
info: Jun-20-2022 13:09:35: 	Server started and running at 3000
info: Jun-20-2022 13:12:23: 	Server started and running at 3000
info: Jun-20-2022 13:13:24: 	Server started and running at 3000
info: Jun-20-2022 13:13:41: 	Server started and running at 3000
info: Jun-20-2022 13:13:51: 	Server started and running at 3000
info: Jun-20-2022 13:14:23: 	Server started and running at 3000
info: Jun-20-2022 13:25:30: 	Server started and running at 3000
info: Jun-20-2022 13:25:47: 	Server started and running at 3000
info: Jun-20-2022 13:25:48: 	Server started and running at 3000
info: Jun-20-2022 13:26:07: 	Server started and running at 3000
info: Jun-20-2022 13:26:15: 	Server started and running at 3000
info: Jun-20-2022 14:40:20: 	Server started and running at 3000
info: Jun-20-2022 14:42:44: 	Server started and running at 3000
info: Jun-20-2022 14:51:46: 	Server started and running at 3000
info: Jun-20-2022 14:51:47: 	Server started and running at 3000
info: Jun-20-2022 15:04:48: 	Server started and running at 3000
info: Jun-20-2022 15:05:36: 	Server started and running at 3000
info: Jun-20-2022 15:06:14: 	Server started and running at 3000
info: Jun-20-2022 15:06:45: 	Server started and running at 3000
info: Jun-20-2022 15:10:01: 	Server started and running at 3000
info: Jun-20-2022 15:12:58: 	Server started and running at 3000
info: Jun-20-2022 15:13:09: 	Server started and running at 3000
info: Jun-20-2022 15:13:14: 	Server started and running at 3000
info: Jun-20-2022 15:16:12: 	Server started and running at 3000
info: Jun-20-2022 15:17:42: 	Server started and running at 3000
info: Jun-20-2022 15:18:50: 	Server started and running at 3000
info: Jun-20-2022 15:21:15: 	Server started and running at 3000
info: Jun-20-2022 15:24:50: 	Server started and running at 3000
info: Jun-20-2022 15:25:11: 	Server started and running at 3000
info: Jun-20-2022 15:30:46: 	Server started and running at 3000
info: Jun-20-2022 15:32:23: 	Server started and running at 3000
info: Jun-20-2022 15:41:42: 	Server started and running at 3000
info: Jun-20-2022 15:41:59: 	Server started and running at 3000
info: Jun-20-2022 15:43:23: 	Server started and running at 3000
info: Jun-20-2022 15:43:56: 	Server started and running at 3000
info: Jun-20-2022 15:44:54: 	Server started and running at 3000
info: Jun-20-2022 15:45:31: 	Server started and running at 3000
info: Jun-20-2022 15:47:03: 	Server started and running at 3000
info: Jun-20-2022 15:47:28: 	Server started and running at 3000
info: Jun-20-2022 15:47:58: 	Server started and running at 3000
info: Jun-20-2022 15:49:33: 	Server started and running at 3000
info: Jun-20-2022 15:50:00: 	Server started and running at 3000
info: Jun-20-2022 15:50:15: 	Server started and running at 3000
info: Jun-20-2022 15:50:24: 	Server started and running at 3000
info: Jun-20-2022 15:51:28: 	Server started and running at 3000
info: Jun-20-2022 15:51:37: 	Server started and running at 3000
info: Jun-20-2022 15:58:40: 	Server started and running at 3000
info: Jun-20-2022 15:59:51: 	Server started and running at 3000
info: Jun-20-2022 16:00:11: 	Server started and running at 3000
info: Jun-20-2022 16:00:20: 	Server started and running at 3000
info: Jun-20-2022 16:00:37: 	Server started and running at 3000
info: Jun-20-2022 16:01:08: 	Server started and running at 3000
info: Jun-20-2022 16:02:12: 	Server started and running at 3000
info: Jun-20-2022 16:02:29: 	Server started and running at 3000
info: Jun-20-2022 16:03:26: 	Server started and running at 3000
info: Jun-20-2022 16:03:47: 	Server started and running at 3000
info: Jun-20-2022 16:03:57: 	Server started and running at 3000
info: Jun-20-2022 16:04:29: 	Server started and running at 3000
info: Jun-20-2022 16:04:34: 	Server started and running at 3000
info: Jun-20-2022 16:04:46: 	Server started and running at 3000
info: Jun-20-2022 16:04:51: 	Server started and running at 3000
info: Jun-20-2022 16:04:59: 	Server started and running at 3000
info: Jun-20-2022 16:05:07: 	Server started and running at 3000
info: Jun-20-2022 16:05:34: 	Server started and running at 3000
info: Jun-20-2022 16:05:46: 	Server started and running at 3000
info: Jun-20-2022 16:05:58: 	Server started and running at 3000
info: Jun-20-2022 16:06:07: 	Server started and running at 3000
info: Jun-20-2022 16:06:16: 	Server started and running at 3000
info: Jun-20-2022 16:06:51: 	Server started and running at 3000
info: Jun-20-2022 16:06:52: 	Server started and running at 3000
info: Jun-20-2022 16:07:29: 	Server started and running at 3000
info: Jun-20-2022 16:08:16: 	Server started and running at 3000
info: Jun-21-2022 09:55:08: 	Server started and running at 3000
info: Jun-21-2022 09:59:23: 	Server started and running at 3000
info: Jun-21-2022 09:59:31: 	Server started and running at 3000
info: Jun-21-2022 09:59:36: 	Server started and running at 3000
info: Jun-21-2022 10:00:00: 	Server started and running at 3000
info: Jun-21-2022 10:00:20: 	Server started and running at 3000
info: Jun-21-2022 10:00:22: 	Server started and running at 3000
info: Jun-21-2022 10:02:59: 	Server started and running at 3000
info: Jun-21-2022 10:03:14: 	Server started and running at 3000
info: Jun-21-2022 10:03:17: 	Server started and running at 3000
info: Jun-21-2022 10:04:06: 	Server started and running at 3000
info: Jun-21-2022 10:04:52: 	Server started and running at 3000
info: Jun-21-2022 10:05:52: 	Server started and running at 3000
info: Jun-21-2022 10:06:00: 	Server started and running at 3000
info: Jun-21-2022 10:06:15: 	Server started and running at 3000
info: Jun-21-2022 10:07:11: 	Server started and running at 3000
info: Jun-21-2022 10:07:51: 	Server started and running at 3000
info: Jun-21-2022 10:08:01: 	Server started and running at 3000
info: Jun-21-2022 10:08:16: 	Server started and running at 3000
